<?xml version="1.0" encoding="UTF-8"?>
<testng-results ignored="0" total="1" passed="1" failed="0" skipped="0">
  <reporter-output>
  </reporter-output>
  <suite started-at="2026-02-06T04:22:25 GMT" name="Default suite" finished-at="2026-02-06T04:22:57 GMT" duration-ms="31368">
    <groups>
    </groups>
    <test started-at="2026-02-06T04:22:25 GMT" name="Default test" finished-at="2026-02-06T04:22:57 GMT" duration-ms="31368">
      <class name="SeleniumPack.NewTest">
        <test-method signature="f()[pri:0, instance:SeleniumPack.NewTest@22ff4249]" started-at="2026-02-06T04:22:25 GMT" name="f" finished-at="2026-02-06T04:22:57 GMT" duration-ms="31197" status="PASS">
          <reporter-output>
          </reporter-output>
        </test-method> <!-- f -->
      </class> <!-- SeleniumPack.NewTest -->
    </test> <!-- Default test -->
  </suite> <!-- Default suite -->
</testng-results>
