<?xml version="1.0" encoding="UTF-8"?>
<!-- Generated by org.testng.reporters.JUnitReportReporter -->
<testsuite hostname="LP-TZ-0X45726" failures="0" tests="2" name="SeleniumPack.TC_TestNGTest_PageFactory" time="32.614" errors="0" timestamp="2026-01-27T06:08:56 GMT" skipped="0">
  <testcase classname="SeleniumPack.TC_TestNGTest_PageFactory" name="f" time="15.343"/>
  <testcase classname="SeleniumPack.TC_TestNGTest_PageFactory" name="f" time="17.271"/>
</testsuite> <!-- SeleniumPack.TC_TestNGTest_PageFactory -->
