<?xml version="1.0" encoding="UTF-8"?>
<!-- Generated by org.testng.reporters.JUnitReportReporter -->
<testsuite hostname="LP-TZ-0X45726" failures="0" tests="2" name="SeleniumPack.TC_TestNGTest_PageFactory" time="31.069" errors="0" timestamp="2026-01-28T04:36:25 GMT" skipped="0">
  <testcase classname="SeleniumPack.TC_TestNGTest_PageFactory" name="f" time="15.787"/>
  <testcase classname="SeleniumPack.TC_TestNGTest_PageFactory" name="f" time="15.282"/>
</testsuite> <!-- SeleniumPack.TC_TestNGTest_PageFactory -->
