<?xml version="1.0" encoding="UTF-8"?>
<!-- Generated by org.testng.reporters.JUnitReportReporter -->
<testsuite hostname="LP-TZ-0X45726" failures="0" tests="3" name="TestNG_Package.ParallelTest" time="110.675" errors="0" timestamp="2026-01-23T09:51:09 GMT" skipped="0">
  <testcase classname="TestNG_Package.ParallelTest" name="test3" time="41.483"/>
  <testcase classname="TestNG_Package.ParallelTest" name="test2" time="39.347"/>
  <testcase classname="TestNG_Package.ParallelTest" name="test1" time="29.845"/>
</testsuite> <!-- TestNG_Package.ParallelTest -->
