<?xml version="1.0" encoding="UTF-8"?>
<!-- Generated by org.testng.reporters.JUnitReportReporter -->
<testsuite hostname="LP-TZ-0X45726" failures="0" tests="2" name="TestNG_Package.TNG_InvalidLoginTest" time="76.185" errors="0" timestamp="2026-01-23T06:45:51 GMT" skipped="0">
  <testcase classname="TestNG_Package.TNG_InvalidLoginTest" name="invalidLoginTest" time="36.091">
    <system-out>
      <![CDATA[Executing Invalid Login Test for user: pooja
Invalid login validation passed for user: pooja]]>
    </system-out>
  </testcase> <!-- invalidLoginTest -->
  <testcase classname="TestNG_Package.TNG_InvalidLoginTest" name="invalidLoginTest" time="40.094">
    <system-out>
      <![CDATA[Executing Invalid Login Test for user: test
Invalid login validation passed for user: test]]>
    </system-out>
  </testcase> <!-- invalidLoginTest -->
  <system-out>
    <![CDATA[Launching browser
Executing Invalid Login Test for user: pooja
Invalid login validation passed for user: pooja
Closing browser
Launching browser
Executing Invalid Login Test for user: test
Invalid login validation passed for user: test
Closing browser]]>
  </system-out>
</testsuite> <!-- TestNG_Package.TNG_InvalidLoginTest -->
