<?xml version="1.0" encoding="UTF-8"?>
<!-- Generated by org.testng.reporters.JUnitReportReporter -->
<testsuite hostname="LP-TZ-0X45726" failures="0" tests="1" name="TestNG_Package.TNG_ValidLoginTest" time="48.238" errors="0" timestamp="2026-01-23T06:24:55 GMT" skipped="0">
  <testcase classname="TestNG_Package.TNG_ValidLoginTest" name="validLoginTest" time="48.238">
    <system-out>
      <![CDATA[Executing Valid Login Test for user: Admin
Valid login passed for user: Admin]]>
    </system-out>
  </testcase> <!-- validLoginTest -->
  <system-out>
    <![CDATA[Launching browser
Executing Valid Login Test for user: Admin
Valid login passed for user: Admin
Closing browser]]>
  </system-out>
</testsuite> <!-- TestNG_Package.TNG_ValidLoginTest -->
